<?xml version="1.0" encoding="UTF-8"?>
<testsuites name="GenericSTI_DifferentCardType" time="96.854" tests="1" failures="1" errors="0">
   <testsuite name="GenericSTI_DifferentCardType" tests="1" failures="1" errors="0" time="96.854" timestamp="2020-01-28 11:59:12" hostname="admin - SYS8" id="Test Suites/Certpay_TestSuite/GenericSTI_DifferentCardType">
      <properties>
         <property name="deviceName" value=""/>
         <property name="devicePlatform" value=""/>
         <property name="logFolder" value="E:\\CertpayGeneric\\Reports\\20200128_115854\\Certpay_TestSuite\\GenericSTI_DifferentCardType\\20200128_115854"/>
         <property name="logFiles" value="E:\\CertpayGeneric\\Reports\\20200128_115854\\Certpay_TestSuite\\GenericSTI_DifferentCardType\\20200128_115854\\execution0.log"/>
         <property name="attachments" value="E:\\CertpayGeneric\\Reports\\20200128_115854\\Certpay_TestSuite\\GenericSTI_DifferentCardType\\20200128_115854\\1580193046879.png, E:\\CertpayGeneric\\Reports\\20200128_115854\\Certpay_TestSuite\\GenericSTI_DifferentCardType\\20200128_115854\\1580193047607.png"/>
         <property name="hostName" value="admin - SYS8"/>
         <property name="os" value="Windows 10 32bit"/>
         <property name="katalonVersion" value="7.1.2.1"/>
         <property name="browser" value="Chrome 79.0.3945.130"/>
         <property name="hostAddress" value="172.31.252.142"/>
         <property name="sessionId" value="efddaf458de2fc8d486a06fce0bd2b20"/>
         <property name="seleniumVersion" value="3.141.59"/>
         <property name="proxyInformation" value="ProxyInformation{proxyOption=NO_PROXY, proxyServerType=HTTP, password=, proxyServerAddress=, proxyServerPort=0, executionList=}"/>
         <property name="platform" value="Windows 10"/>
      </properties>
      <testcase name="Test Cases/GenericSTI/TC_001_SingleBureau_SingleLinePayment" time="94.717" classname="Test Cases/GenericSTI/TC_001_SingleBureau_SingleLinePayment" status="FAILED">
         <failure type="FAILED" message="Test Cases/GenericSTI/TC_001_SingleBureau_SingleLinePayment FAILED.
Reason:
com.kms.katalon.core.exception.StepFailedException: Unable to accept alert
	at com.kms.katalon.core.webui.keyword.internal.WebUIKeywordMain.stepFailed(WebUIKeywordMain.groovy:64)
	at com.kms.katalon.core.webui.keyword.internal.WebUIKeywordMain.runKeyword(WebUIKeywordMain.groovy:26)
	at com.kms.katalon.core.webui.keyword.builtin.AcceptAlertKeyword.acceptAlert(AcceptAlertKeyword.groovy:71)
	at com.kms.katalon.core.webui.keyword.builtin.AcceptAlertKeyword.execute(AcceptAlertKeyword.groovy:66)
	at com.kms.katalon.core.keyword.internal.KeywordExecutor.executeKeywordForPlatform(KeywordExecutor.groovy:72)
	at com.kms.katalon.core.webui.keyword.WebUiBuiltInKeywords.acceptAlert(WebUiBuiltInKeywords.groovy:1492)
	at com.kms.katalon.core.webui.keyword.WebUiBuiltInKeywords$acceptAlert$9.call(Unknown Source)
	at TC_001_SingleBureau_SingleLinePayment.run(TC_001_SingleBureau_SingleLinePayment:67)
	at com.kms.katalon.core.main.ScriptEngine.run(ScriptEngine.java:194)
	at com.kms.katalon.core.main.ScriptEngine.runScriptAsRawText(ScriptEngine.java:119)
	at com.kms.katalon.core.main.TestCaseExecutor.runScript(TestCaseExecutor.java:337)
	at com.kms.katalon.core.main.TestCaseExecutor.doExecute(TestCaseExecutor.java:328)
	at com.kms.katalon.core.main.TestCaseExecutor.processExecutionPhase(TestCaseExecutor.java:307)
	at com.kms.katalon.core.main.TestCaseExecutor.accessMainPhase(TestCaseExecutor.java:299)
	at com.kms.katalon.core.main.TestCaseExecutor.execute(TestCaseExecutor.java:233)
	at com.kms.katalon.core.main.TestSuiteExecutor.accessTestCaseMainPhase(TestSuiteExecutor.java:169)
	at com.kms.katalon.core.main.TestSuiteExecutor.accessTestSuiteMainPhase(TestSuiteExecutor.java:142)
	at com.kms.katalon.core.main.TestSuiteExecutor.execute(TestSuiteExecutor.java:91)
	at com.kms.katalon.core.main.TestCaseMain.startTestSuite(TestCaseMain.java:157)
	at com.kms.katalon.core.main.TestCaseMain$startTestSuite$0.call(Unknown Source)
	at TempTestSuite1580192934187.run(TempTestSuite1580192934187.groovy:36)
Caused by: com.kms.katalon.core.exception.StepFailedException: No alert found
	at com.kms.katalon.core.webui.keyword.internal.WebUIKeywordMain.stepFailed(WebUIKeywordMain.groovy:64)
	at com.kms.katalon.core.webui.keyword.builtin.AcceptAlertKeyword$_acceptAlert_closure1.doCall(AcceptAlertKeyword.groovy:78)
	at com.kms.katalon.core.webui.keyword.builtin.AcceptAlertKeyword$_acceptAlert_closure1.call(AcceptAlertKeyword.groovy)
	at com.kms.katalon.core.webui.keyword.internal.WebUIKeywordMain.runKeyword(WebUIKeywordMain.groovy:20)
	... 19 more
"/>
         <system-out><![CDATA[2020-01-28 11:59:13 - [TEST_CASE][FAILED] - Test Cases/GenericSTI/TC_001_SingleBureau_SingleLinePayment: Test Cases/GenericSTI/TC_001_SingleBureau_SingleLinePayment FAILED.
Reason:
com.kms.katalon.core.exception.StepFailedException: Unable to accept alert
	at com.kms.katalon.core.webui.keyword.internal.WebUIKeywordMain.stepFailed(WebUIKeywordMain.groovy:64)
	at com.kms.katalon.core.webui.keyword.internal.WebUIKeywordMain.runKeyword(WebUIKeywordMain.groovy:26)
	at com.kms.katalon.core.webui.keyword.builtin.AcceptAlertKeyword.acceptAlert(AcceptAlertKeyword.groovy:71)
	at com.kms.katalon.core.webui.keyword.builtin.AcceptAlertKeyword.execute(AcceptAlertKeyword.groovy:66)
	at com.kms.katalon.core.keyword.internal.KeywordExecutor.executeKeywordForPlatform(KeywordExecutor.groovy:72)
	at com.kms.katalon.core.webui.keyword.WebUiBuiltInKeywords.acceptAlert(WebUiBuiltInKeywords.groovy:1492)
	at com.kms.katalon.core.webui.keyword.WebUiBuiltInKeywords$acceptAlert$9.call(Unknown Source)
	at TC_001_SingleBureau_SingleLinePayment.run(TC_001_SingleBureau_SingleLinePayment:67)
	at com.kms.katalon.core.main.ScriptEngine.run(ScriptEngine.java:194)
	at com.kms.katalon.core.main.ScriptEngine.runScriptAsRawText(ScriptEngine.java:119)
	at com.kms.katalon.core.main.TestCaseExecutor.runScript(TestCaseExecutor.java:337)
	at com.kms.katalon.core.main.TestCaseExecutor.doExecute(TestCaseExecutor.java:328)
	at com.kms.katalon.core.main.TestCaseExecutor.processExecutionPhase(TestCaseExecutor.java:307)
	at com.kms.katalon.core.main.TestCaseExecutor.accessMainPhase(TestCaseExecutor.java:299)
	at com.kms.katalon.core.main.TestCaseExecutor.execute(TestCaseExecutor.java:233)
	at com.kms.katalon.core.main.TestSuiteExecutor.accessTestCaseMainPhase(TestSuiteExecutor.java:169)
	at com.kms.katalon.core.main.TestSuiteExecutor.accessTestSuiteMainPhase(TestSuiteExecutor.java:142)
	at com.kms.katalon.core.main.TestSuiteExecutor.execute(TestSuiteExecutor.java:91)
	at com.kms.katalon.core.main.TestCaseMain.startTestSuite(TestCaseMain.java:157)
	at com.kms.katalon.core.main.TestCaseMain$startTestSuite$0.call(Unknown Source)
	at TempTestSuite1580192934187.run(TempTestSuite1580192934187.groovy:36)
Caused by: com.kms.katalon.core.exception.StepFailedException: No alert found
	at com.kms.katalon.core.webui.keyword.internal.WebUIKeywordMain.stepFailed(WebUIKeywordMain.groovy:64)
	at com.kms.katalon.core.webui.keyword.builtin.AcceptAlertKeyword$_acceptAlert_closure1.doCall(AcceptAlertKeyword.groovy:78)
	at com.kms.katalon.core.webui.keyword.builtin.AcceptAlertKeyword$_acceptAlert_closure1.call(AcceptAlertKeyword.groovy)
	at com.kms.katalon.core.webui.keyword.internal.WebUIKeywordMain.runKeyword(WebUIKeywordMain.groovy:20)
	... 19 more


2020-01-28 11:59:14 - [TEST_STEP][PASSED] - data = findTestData("Data Files/Certpay/SingleBureau_SingleLine"): null

2020-01-28 11:59:15 - [TEST_STEP][FAILED] - for (def index : (1..data.getRowNumbers())): Unable to accept alert (Root cause: com.kms.katalon.core.exception.StepFailedException: Unable to accept alert
	at com.kms.katalon.core.webui.keyword.internal.WebUIKeywordMain.stepFailed(WebUIKeywordMain.groovy:64)
	at com.kms.katalon.core.webui.keyword.internal.WebUIKeywordMain.runKeyword(WebUIKeywordMain.groovy:26)
	at com.kms.katalon.core.webui.keyword.builtin.AcceptAlertKeyword.acceptAlert(AcceptAlertKeyword.groovy:71)
	at com.kms.katalon.core.webui.keyword.builtin.AcceptAlertKeyword.execute(AcceptAlertKeyword.groovy:66)
	at com.kms.katalon.core.keyword.internal.KeywordExecutor.executeKeywordForPlatform(KeywordExecutor.groovy:72)
	at com.kms.katalon.core.webui.keyword.WebUiBuiltInKeywords.acceptAlert(WebUiBuiltInKeywords.groovy:1492)
	at com.kms.katalon.core.webui.keyword.WebUiBuiltInKeywords$acceptAlert$9.call(Unknown Source)
	at TC_001_SingleBureau_SingleLinePayment.run(TC_001_SingleBureau_SingleLinePayment:67)
	at com.kms.katalon.core.main.ScriptEngine.run(ScriptEngine.java:194)
	at com.kms.katalon.core.main.ScriptEngine.runScriptAsRawText(ScriptEngine.java:119)
	at com.kms.katalon.core.main.TestCaseExecutor.runScript(TestCaseExecutor.java:337)
	at com.kms.katalon.core.main.TestCaseExecutor.doExecute(TestCaseExecutor.java:328)
	at com.kms.katalon.core.main.TestCaseExecutor.processExecutionPhase(TestCaseExecutor.java:307)
	at com.kms.katalon.core.main.TestCaseExecutor.accessMainPhase(TestCaseExecutor.java:299)
	at com.kms.katalon.core.main.TestCaseExecutor.execute(TestCaseExecutor.java:233)
	at com.kms.katalon.core.main.TestSuiteExecutor.accessTestCaseMainPhase(TestSuiteExecutor.java:169)
	at com.kms.katalon.core.main.TestSuiteExecutor.accessTestSuiteMainPhase(TestSuiteExecutor.java:142)
	at com.kms.katalon.core.main.TestSuiteExecutor.execute(TestSuiteExecutor.java:91)
	at com.kms.katalon.core.main.TestCaseMain.startTestSuite(TestCaseMain.java:157)
	at com.kms.katalon.core.main.TestCaseMain$startTestSuite$0.call(Unknown Source)
	at TempTestSuite1580192934187.run(TempTestSuite1580192934187.groovy:36)
Caused by: com.kms.katalon.core.exception.StepFailedException: No alert found
	at com.kms.katalon.core.webui.keyword.internal.WebUIKeywordMain.stepFailed(WebUIKeywordMain.groovy:64)
	at com.kms.katalon.core.webui.keyword.builtin.AcceptAlertKeyword$_acceptAlert_closure1.doCall(AcceptAlertKeyword.groovy:78)
	at com.kms.katalon.core.webui.keyword.builtin.AcceptAlertKeyword$_acceptAlert_closure1.call(AcceptAlertKeyword.groovy)
	at com.kms.katalon.core.webui.keyword.internal.WebUIKeywordMain.runKeyword(WebUIKeywordMain.groovy:20)
	... 19 more
)

2020-01-28 11:59:15 - [TEST_STEP][PASSED] - cardNum = data.getValue("CardNumber", index): null

2020-01-28 11:59:16 - [TEST_STEP][PASSED] - expMonth = data.getValue("ExpMonth", index): null

2020-01-28 11:59:16 - [TEST_STEP][PASSED] - expYear = data.getValue("ExpYear", index): null

2020-01-28 11:59:16 - [TEST_STEP][PASSED] - securityCode = data.getValue("SecurityCode", index): null

2020-01-28 11:59:16 - [TEST_STEP][PASSED] - cardType = data.getValue("CardType", index): null

2020-01-28 11:59:16 - [TEST_STEP][PASSED] - utilities.SafeActions.openBrowser(Genericsti_url, [pageLoadTime]): Browser launched successfully

2020-01-28 11:59:16 - [MESSAGE][INFO] - Opening Browser

2020-01-28 11:59:17 - [MESSAGE][INFO] - Starting 'Chrome' driver

2020-01-28 11:59:18 - [MESSAGE][INFO] - Action delay is set to 0 seconds

2020-01-28 12:00:00 - [MESSAGE][PASSED] - Browser is opened with url: 'https://qa-certpaygenericsti.faps.net/genericsti/demo/'

2020-01-28 12:00:01 - [MESSAGE][PASSED] - Current window maximized

2020-01-28 12:00:01 - [MESSAGE][PASSED] - Browser launched successfully

2020-01-28 12:00:01 - [TEST_STEP][PASSED] - utilities.SafeActions.safeClick(findTestObject("CERTPAY_GENERICSTI/Demo_Pages/BEGIN_PAYMENT"), "Begin Payment", [pageLoadTime]): GenericSTI_DifferentCardType.ts:Clicked on the Begin Payment

2020-01-28 12:00:01 - [MESSAGE][INFO] - safeClicking

2020-01-28 12:00:02 - [MESSAGE][PASSED] - Object 'Object Repository/CERTPAY_GENERICSTI/Demo_Pages/BEGIN_PAYMENT' is present

2020-01-28 12:00:04 - [MESSAGE][PASSED] - Object 'Object Repository/CERTPAY_GENERICSTI/Demo_Pages/BEGIN_PAYMENT' is clickable

2020-01-28 12:00:08 - [MESSAGE][PASSED] - Object: 'Object Repository/CERTPAY_GENERICSTI/Demo_Pages/BEGIN_PAYMENT' is clicked on

2020-01-28 12:00:08 - [MESSAGE][PASSED] - GenericSTI_DifferentCardType.ts:Clicked on the Begin Payment

2020-01-28 12:00:08 - [TEST_STEP][PASSED] - utilities.SafeActions.safeClick(findTestObject("CERTPAY_GENERICSTI/XML_Page/SUBMIT"), "Submit XML", [pageLoadTime]): GenericSTI_DifferentCardType.ts:Clicked on the Submit XML

2020-01-28 12:00:08 - [MESSAGE][INFO] - safeClicking

2020-01-28 12:00:08 - [MESSAGE][PASSED] - Object 'Object Repository/CERTPAY_GENERICSTI/XML_Page/SUBMIT' is present

2020-01-28 12:00:08 - [MESSAGE][PASSED] - Object 'Object Repository/CERTPAY_GENERICSTI/XML_Page/SUBMIT' is clickable

2020-01-28 12:00:19 - [MESSAGE][PASSED] - Object: 'Object Repository/CERTPAY_GENERICSTI/XML_Page/SUBMIT' is clicked on

2020-01-28 12:00:19 - [MESSAGE][PASSED] - GenericSTI_DifferentCardType.ts:Clicked on the Submit XML

2020-01-28 12:00:19 - [TEST_STEP][PASSED] - utilities.SafeActions.safeClick(findTestObject("CERTPAY_GENERICSTI/Payment_Information_Page/VISA"), "VISA Card", [pageLoadTime]): GenericSTI_DifferentCardType.ts:Clicked on the VISA Card

2020-01-28 12:00:19 - [MESSAGE][INFO] - safeClicking

2020-01-28 12:00:21 - [MESSAGE][PASSED] - Object 'Object Repository/CERTPAY_GENERICSTI/Payment_Information_Page/VISA' is present

2020-01-28 12:00:21 - [MESSAGE][PASSED] - Object 'Object Repository/CERTPAY_GENERICSTI/Payment_Information_Page/VISA' is clickable

2020-01-28 12:00:24 - [MESSAGE][PASSED] - Object: 'Object Repository/CERTPAY_GENERICSTI/Payment_Information_Page/VISA' is clicked on

2020-01-28 12:00:24 - [MESSAGE][PASSED] - GenericSTI_DifferentCardType.ts:Clicked on the VISA Card

2020-01-28 12:00:24 - [TEST_STEP][PASSED] - CardNumber = pages.Genericsti.setUserPaymentDetails(cardNum): GenericSTI_DifferentCardType.ts:Entered'4358809181126610 into CardNum

2020-01-28 12:00:25 - [MESSAGE][PASSED] - Object 'Object Repository/CERTPAY_GENERICSTI/Payment_Information_Page/CARD_NUMBER' is present

2020-01-28 12:00:25 - [MESSAGE][PASSED] - Object 'Object Repository/CERTPAY_GENERICSTI/Payment_Information_Page/CARD_NUMBER' is visible

2020-01-28 12:00:26 - [MESSAGE][PASSED] - Object 'Object Repository/CERTPAY_GENERICSTI/Payment_Information_Page/CARD_NUMBER' is present

2020-01-28 12:00:28 - [MESSAGE][PASSED] - Text '4358809181126610' is set on object 'Object Repository/CERTPAY_GENERICSTI/Payment_Information_Page/CARD_NUMBER'

2020-01-28 12:00:28 - [MESSAGE][PASSED] - GenericSTI_DifferentCardType.ts:Entered'4358809181126610 into CardNum

2020-01-28 12:00:28 - [TEST_STEP][PASSED] - pages.Genericsti.setExpDate(expMonth, expYear, securityCode): GenericSTI_DifferentCardType.ts:Entered'207 into securityCode

2020-01-28 12:00:29 - [MESSAGE][PASSED] - Object 'Object Repository/CERTPAY_GENERICSTI/Payment_Information_Page/EXP_MONTH' is visible

2020-01-28 12:00:29 - [MESSAGE][PASSED] - Object 'Object Repository/CERTPAY_GENERICSTI/Payment_Information_Page/EXP_MONTH' is present

2020-01-28 12:00:30 - [MESSAGE][PASSED] - Object: 'Object Repository/CERTPAY_GENERICSTI/Payment_Information_Page/EXP_MONTH' is clicked on

2020-01-28 12:00:32 - [MESSAGE][PASSED] - All options with label '3' are selected in object 'Object Repository/CERTPAY_GENERICSTI/Payment_Information_Page/EXP_MONTH'  using regular expression

2020-01-28 12:00:32 - [MESSAGE][PASSED] - selected dropdown option by visible text  3from expMonth

2020-01-28 12:00:32 - [MESSAGE][PASSED] - Object 'Object Repository/CERTPAY_GENERICSTI/Payment_Information_Page/EXP_YEAR' is visible

2020-01-28 12:00:33 - [MESSAGE][PASSED] - Object 'Object Repository/CERTPAY_GENERICSTI/Payment_Information_Page/EXP_YEAR' is present

2020-01-28 12:00:34 - [MESSAGE][PASSED] - Object: 'Object Repository/CERTPAY_GENERICSTI/Payment_Information_Page/EXP_YEAR' is clicked on

2020-01-28 12:00:35 - [MESSAGE][PASSED] - All options with label '2022' are selected in object 'Object Repository/CERTPAY_GENERICSTI/Payment_Information_Page/EXP_YEAR'  using regular expression

2020-01-28 12:00:35 - [MESSAGE][PASSED] - selected dropdown option by visible text  2022from  expYear

2020-01-28 12:00:35 - [MESSAGE][PASSED] - Object 'Object Repository/CERTPAY_GENERICSTI/Payment_Information_Page/SECURITY_CODE' is present

2020-01-28 12:00:36 - [MESSAGE][PASSED] - Object 'Object Repository/CERTPAY_GENERICSTI/Payment_Information_Page/SECURITY_CODE' is visible

2020-01-28 12:00:36 - [MESSAGE][PASSED] - Object 'Object Repository/CERTPAY_GENERICSTI/Payment_Information_Page/SECURITY_CODE' is present

2020-01-28 12:00:37 - [MESSAGE][PASSED] - Text '207' is set on object 'Object Repository/CERTPAY_GENERICSTI/Payment_Information_Page/SECURITY_CODE'

2020-01-28 12:00:37 - [MESSAGE][PASSED] - GenericSTI_DifferentCardType.ts:Entered'207 into securityCode

2020-01-28 12:00:37 - [TEST_STEP][PASSED] - utilities.SafeActions.safeClick(findTestObject("CERTPAY_GENERICSTI/Payment_Information_Page/NEXT"), "Next", [pageLoadTime]): GenericSTI_DifferentCardType.ts:Clicked on the Next

2020-01-28 12:00:37 - [MESSAGE][INFO] - safeClicking

2020-01-28 12:00:38 - [MESSAGE][PASSED] - Object 'Object Repository/CERTPAY_GENERICSTI/Payment_Information_Page/NEXT' is present

2020-01-28 12:00:38 - [MESSAGE][PASSED] - Object 'Object Repository/CERTPAY_GENERICSTI/Payment_Information_Page/NEXT' is clickable

2020-01-28 12:00:41 - [MESSAGE][PASSED] - Object: 'Object Repository/CERTPAY_GENERICSTI/Payment_Information_Page/NEXT' is clicked on

2020-01-28 12:00:41 - [MESSAGE][PASSED] - GenericSTI_DifferentCardType.ts:Clicked on the Next

2020-01-28 12:00:41 - [TEST_STEP][PASSED] - utilities.SafeActions.safeClick(findTestObject("CERTPAY_GENERICSTI/Review_Payment_Page/PROCESS_PAYMENT"), "Process payment", [pageLoadTime]): GenericSTI_DifferentCardType.ts:Clicked on the Process payment

2020-01-28 12:00:41 - [MESSAGE][INFO] - safeClicking

2020-01-28 12:00:43 - [MESSAGE][PASSED] - Object 'Object Repository/CERTPAY_GENERICSTI/Review_Payment_Page/PROCESS_PAYMENT' is present

2020-01-28 12:00:43 - [MESSAGE][PASSED] - Object 'Object Repository/CERTPAY_GENERICSTI/Review_Payment_Page/PROCESS_PAYMENT' is clickable

2020-01-28 12:00:44 - [MESSAGE][PASSED] - Object: 'Object Repository/CERTPAY_GENERICSTI/Review_Payment_Page/PROCESS_PAYMENT' is clicked on

2020-01-28 12:00:44 - [MESSAGE][PASSED] - GenericSTI_DifferentCardType.ts:Clicked on the Process payment

2020-01-28 12:00:44 - [TEST_STEP][PASSED] - delay(2): Delayed 2 second(s)

2020-01-28 12:00:46 - [MESSAGE][PASSED] - Delayed 2 second(s)

2020-01-28 12:00:46 - [TEST_STEP][FAILED] - acceptAlert(): Unable to accept alert (Root cause: com.kms.katalon.core.exception.StepFailedException: Unable to accept alert
	at com.kms.katalon.core.webui.keyword.internal.WebUIKeywordMain.stepFailed(WebUIKeywordMain.groovy:64)
	at com.kms.katalon.core.webui.keyword.internal.WebUIKeywordMain.runKeyword(WebUIKeywordMain.groovy:26)
	at com.kms.katalon.core.webui.keyword.builtin.AcceptAlertKeyword.acceptAlert(AcceptAlertKeyword.groovy:71)
	at com.kms.katalon.core.webui.keyword.builtin.AcceptAlertKeyword.execute(AcceptAlertKeyword.groovy:66)
	at com.kms.katalon.core.keyword.internal.KeywordExecutor.executeKeywordForPlatform(KeywordExecutor.groovy:72)
	at com.kms.katalon.core.webui.keyword.WebUiBuiltInKeywords.acceptAlert(WebUiBuiltInKeywords.groovy:1492)
	at com.kms.katalon.core.webui.keyword.WebUiBuiltInKeywords$acceptAlert$9.call(Unknown Source)
	at TC_001_SingleBureau_SingleLinePayment.run(TC_001_SingleBureau_SingleLinePayment:67)
	at com.kms.katalon.core.main.ScriptEngine.run(ScriptEngine.java:194)
	at com.kms.katalon.core.main.ScriptEngine.runScriptAsRawText(ScriptEngine.java:119)
	at com.kms.katalon.core.main.TestCaseExecutor.runScript(TestCaseExecutor.java:337)
	at com.kms.katalon.core.main.TestCaseExecutor.doExecute(TestCaseExecutor.java:328)
	at com.kms.katalon.core.main.TestCaseExecutor.processExecutionPhase(TestCaseExecutor.java:307)
	at com.kms.katalon.core.main.TestCaseExecutor.accessMainPhase(TestCaseExecutor.java:299)
	at com.kms.katalon.core.main.TestCaseExecutor.execute(TestCaseExecutor.java:233)
	at com.kms.katalon.core.main.TestSuiteExecutor.accessTestCaseMainPhase(TestSuiteExecutor.java:169)
	at com.kms.katalon.core.main.TestSuiteExecutor.accessTestSuiteMainPhase(TestSuiteExecutor.java:142)
	at com.kms.katalon.core.main.TestSuiteExecutor.execute(TestSuiteExecutor.java:91)
	at com.kms.katalon.core.main.TestCaseMain.startTestSuite(TestCaseMain.java:157)
	at com.kms.katalon.core.main.TestCaseMain$startTestSuite$0.call(Unknown Source)
	at TempTestSuite1580192934187.run(TempTestSuite1580192934187.groovy:36)
Caused by: com.kms.katalon.core.exception.StepFailedException: No alert found
	at com.kms.katalon.core.webui.keyword.internal.WebUIKeywordMain.stepFailed(WebUIKeywordMain.groovy:64)
	at com.kms.katalon.core.webui.keyword.builtin.AcceptAlertKeyword$_acceptAlert_closure1.doCall(AcceptAlertKeyword.groovy:78)
	at com.kms.katalon.core.webui.keyword.builtin.AcceptAlertKeyword$_acceptAlert_closure1.call(AcceptAlertKeyword.groovy)
	at com.kms.katalon.core.webui.keyword.internal.WebUIKeywordMain.runKeyword(WebUIKeywordMain.groovy:20)
	... 19 more
)

2020-01-28 12:00:47 - [MESSAGE][FAILED] - No alert found (Root cause: com.kms.katalon.core.exception.StepFailedException: No alert found
	at com.kms.katalon.core.webui.keyword.internal.WebUIKeywordMain.stepFailed(WebUIKeywordMain.groovy:64)
	at com.kms.katalon.core.webui.keyword.builtin.AcceptAlertKeyword$_acceptAlert_closure1.doCall(AcceptAlertKeyword.groovy:78)
	at com.kms.katalon.core.webui.keyword.builtin.AcceptAlertKeyword$_acceptAlert_closure1.call(AcceptAlertKeyword.groovy)
	at com.kms.katalon.core.webui.keyword.internal.WebUIKeywordMain.runKeyword(WebUIKeywordMain.groovy:20)
	at com.kms.katalon.core.webui.keyword.builtin.AcceptAlertKeyword.acceptAlert(AcceptAlertKeyword.groovy:71)
	at com.kms.katalon.core.webui.keyword.builtin.AcceptAlertKeyword.execute(AcceptAlertKeyword.groovy:66)
	at com.kms.katalon.core.keyword.internal.KeywordExecutor.executeKeywordForPlatform(KeywordExecutor.groovy:72)
	at com.kms.katalon.core.webui.keyword.WebUiBuiltInKeywords.acceptAlert(WebUiBuiltInKeywords.groovy:1492)
	at com.kms.katalon.core.webui.keyword.WebUiBuiltInKeywords$acceptAlert$9.call(Unknown Source)
	at TC_001_SingleBureau_SingleLinePayment.run(TC_001_SingleBureau_SingleLinePayment:67)
	at com.kms.katalon.core.main.ScriptEngine.run(ScriptEngine.java:194)
	at com.kms.katalon.core.main.ScriptEngine.runScriptAsRawText(ScriptEngine.java:119)
	at com.kms.katalon.core.main.TestCaseExecutor.runScript(TestCaseExecutor.java:337)
	at com.kms.katalon.core.main.TestCaseExecutor.doExecute(TestCaseExecutor.java:328)
	at com.kms.katalon.core.main.TestCaseExecutor.processExecutionPhase(TestCaseExecutor.java:307)
	at com.kms.katalon.core.main.TestCaseExecutor.accessMainPhase(TestCaseExecutor.java:299)
	at com.kms.katalon.core.main.TestCaseExecutor.execute(TestCaseExecutor.java:233)
	at com.kms.katalon.core.main.TestSuiteExecutor.accessTestCaseMainPhase(TestSuiteExecutor.java:169)
	at com.kms.katalon.core.main.TestSuiteExecutor.accessTestSuiteMainPhase(TestSuiteExecutor.java:142)
	at com.kms.katalon.core.main.TestSuiteExecutor.execute(TestSuiteExecutor.java:91)
	at com.kms.katalon.core.main.TestCaseMain.startTestSuite(TestCaseMain.java:157)
	at com.kms.katalon.core.main.TestCaseMain$startTestSuite$0.call(Unknown Source)
	at TempTestSuite1580192934187.run(TempTestSuite1580192934187.groovy:36)
)
[[ATTACHMENT|E:\\CertpayGeneric\\Reports\\20200128_115854\\Certpay_TestSuite\\GenericSTI_DifferentCardType\\20200128_115854\\1580193046879.png]]

2020-01-28 12:00:47 - [MESSAGE][FAILED] - Unable to accept alert (Root cause: com.kms.katalon.core.exception.StepFailedException: Unable to accept alert
	at com.kms.katalon.core.webui.keyword.internal.WebUIKeywordMain.stepFailed(WebUIKeywordMain.groovy:64)
	at com.kms.katalon.core.webui.keyword.internal.WebUIKeywordMain.runKeyword(WebUIKeywordMain.groovy:26)
	at com.kms.katalon.core.webui.keyword.builtin.AcceptAlertKeyword.acceptAlert(AcceptAlertKeyword.groovy:71)
	at com.kms.katalon.core.webui.keyword.builtin.AcceptAlertKeyword.execute(AcceptAlertKeyword.groovy:66)
	at com.kms.katalon.core.keyword.internal.KeywordExecutor.executeKeywordForPlatform(KeywordExecutor.groovy:72)
	at com.kms.katalon.core.webui.keyword.WebUiBuiltInKeywords.acceptAlert(WebUiBuiltInKeywords.groovy:1492)
	at com.kms.katalon.core.webui.keyword.WebUiBuiltInKeywords$acceptAlert$9.call(Unknown Source)
	at TC_001_SingleBureau_SingleLinePayment.run(TC_001_SingleBureau_SingleLinePayment:67)
	at com.kms.katalon.core.main.ScriptEngine.run(ScriptEngine.java:194)
	at com.kms.katalon.core.main.ScriptEngine.runScriptAsRawText(ScriptEngine.java:119)
	at com.kms.katalon.core.main.TestCaseExecutor.runScript(TestCaseExecutor.java:337)
	at com.kms.katalon.core.main.TestCaseExecutor.doExecute(TestCaseExecutor.java:328)
	at com.kms.katalon.core.main.TestCaseExecutor.processExecutionPhase(TestCaseExecutor.java:307)
	at com.kms.katalon.core.main.TestCaseExecutor.accessMainPhase(TestCaseExecutor.java:299)
	at com.kms.katalon.core.main.TestCaseExecutor.execute(TestCaseExecutor.java:233)
	at com.kms.katalon.core.main.TestSuiteExecutor.accessTestCaseMainPhase(TestSuiteExecutor.java:169)
	at com.kms.katalon.core.main.TestSuiteExecutor.accessTestSuiteMainPhase(TestSuiteExecutor.java:142)
	at com.kms.katalon.core.main.TestSuiteExecutor.execute(TestSuiteExecutor.java:91)
	at com.kms.katalon.core.main.TestCaseMain.startTestSuite(TestCaseMain.java:157)
	at com.kms.katalon.core.main.TestCaseMain$startTestSuite$0.call(Unknown Source)
	at TempTestSuite1580192934187.run(TempTestSuite1580192934187.groovy:36)
Caused by: com.kms.katalon.core.exception.StepFailedException: No alert found
	at com.kms.katalon.core.webui.keyword.internal.WebUIKeywordMain.stepFailed(WebUIKeywordMain.groovy:64)
	at com.kms.katalon.core.webui.keyword.builtin.AcceptAlertKeyword$_acceptAlert_closure1.doCall(AcceptAlertKeyword.groovy:78)
	at com.kms.katalon.core.webui.keyword.builtin.AcceptAlertKeyword$_acceptAlert_closure1.call(AcceptAlertKeyword.groovy)
	at com.kms.katalon.core.webui.keyword.internal.WebUIKeywordMain.runKeyword(WebUIKeywordMain.groovy:20)
	... 19 more
)
[[ATTACHMENT|E:\\CertpayGeneric\\Reports\\20200128_115854\\Certpay_TestSuite\\GenericSTI_DifferentCardType\\20200128_115854\\1580193047607.png]]]]></system-out>
         <system-err><![CDATA[2020-01-28 11:59:13 - [TEST_CASE][FAILED] - Test Cases/GenericSTI/TC_001_SingleBureau_SingleLinePayment: Test Cases/GenericSTI/TC_001_SingleBureau_SingleLinePayment FAILED.
Reason:
com.kms.katalon.core.exception.StepFailedException: Unable to accept alert
	at com.kms.katalon.core.webui.keyword.internal.WebUIKeywordMain.stepFailed(WebUIKeywordMain.groovy:64)
	at com.kms.katalon.core.webui.keyword.internal.WebUIKeywordMain.runKeyword(WebUIKeywordMain.groovy:26)
	at com.kms.katalon.core.webui.keyword.builtin.AcceptAlertKeyword.acceptAlert(AcceptAlertKeyword.groovy:71)
	at com.kms.katalon.core.webui.keyword.builtin.AcceptAlertKeyword.execute(AcceptAlertKeyword.groovy:66)
	at com.kms.katalon.core.keyword.internal.KeywordExecutor.executeKeywordForPlatform(KeywordExecutor.groovy:72)
	at com.kms.katalon.core.webui.keyword.WebUiBuiltInKeywords.acceptAlert(WebUiBuiltInKeywords.groovy:1492)
	at com.kms.katalon.core.webui.keyword.WebUiBuiltInKeywords$acceptAlert$9.call(Unknown Source)
	at TC_001_SingleBureau_SingleLinePayment.run(TC_001_SingleBureau_SingleLinePayment:67)
	at com.kms.katalon.core.main.ScriptEngine.run(ScriptEngine.java:194)
	at com.kms.katalon.core.main.ScriptEngine.runScriptAsRawText(ScriptEngine.java:119)
	at com.kms.katalon.core.main.TestCaseExecutor.runScript(TestCaseExecutor.java:337)
	at com.kms.katalon.core.main.TestCaseExecutor.doExecute(TestCaseExecutor.java:328)
	at com.kms.katalon.core.main.TestCaseExecutor.processExecutionPhase(TestCaseExecutor.java:307)
	at com.kms.katalon.core.main.TestCaseExecutor.accessMainPhase(TestCaseExecutor.java:299)
	at com.kms.katalon.core.main.TestCaseExecutor.execute(TestCaseExecutor.java:233)
	at com.kms.katalon.core.main.TestSuiteExecutor.accessTestCaseMainPhase(TestSuiteExecutor.java:169)
	at com.kms.katalon.core.main.TestSuiteExecutor.accessTestSuiteMainPhase(TestSuiteExecutor.java:142)
	at com.kms.katalon.core.main.TestSuiteExecutor.execute(TestSuiteExecutor.java:91)
	at com.kms.katalon.core.main.TestCaseMain.startTestSuite(TestCaseMain.java:157)
	at com.kms.katalon.core.main.TestCaseMain$startTestSuite$0.call(Unknown Source)
	at TempTestSuite1580192934187.run(TempTestSuite1580192934187.groovy:36)
Caused by: com.kms.katalon.core.exception.StepFailedException: No alert found
	at com.kms.katalon.core.webui.keyword.internal.WebUIKeywordMain.stepFailed(WebUIKeywordMain.groovy:64)
	at com.kms.katalon.core.webui.keyword.builtin.AcceptAlertKeyword$_acceptAlert_closure1.doCall(AcceptAlertKeyword.groovy:78)
	at com.kms.katalon.core.webui.keyword.builtin.AcceptAlertKeyword$_acceptAlert_closure1.call(AcceptAlertKeyword.groovy)
	at com.kms.katalon.core.webui.keyword.internal.WebUIKeywordMain.runKeyword(WebUIKeywordMain.groovy:20)
	... 19 more]]></system-err>
      </testcase>
      <system-out><![CDATA[2020-01-28 11:59:12 - [TEST_SUITE][FAILED] - GenericSTI_DifferentCardType: Test Cases/GenericSTI/TC_001_SingleBureau_SingleLinePayment FAILED.
Reason:
com.kms.katalon.core.exception.StepFailedException: Unable to accept alert
	at com.kms.katalon.core.webui.keyword.internal.WebUIKeywordMain.stepFailed(WebUIKeywordMain.groovy:64)
	at com.kms.katalon.core.webui.keyword.internal.WebUIKeywordMain.runKeyword(WebUIKeywordMain.groovy:26)
	at com.kms.katalon.core.webui.keyword.builtin.AcceptAlertKeyword.acceptAlert(AcceptAlertKeyword.groovy:71)
	at com.kms.katalon.core.webui.keyword.builtin.AcceptAlertKeyword.execute(AcceptAlertKeyword.groovy:66)
	at com.kms.katalon.core.keyword.internal.KeywordExecutor.executeKeywordForPlatform(KeywordExecutor.groovy:72)
	at com.kms.katalon.core.webui.keyword.WebUiBuiltInKeywords.acceptAlert(WebUiBuiltInKeywords.groovy:1492)
	at com.kms.katalon.core.webui.keyword.WebUiBuiltInKeywords$acceptAlert$9.call(Unknown Source)
	at TC_001_SingleBureau_SingleLinePayment.run(TC_001_SingleBureau_SingleLinePayment:67)
	at com.kms.katalon.core.main.ScriptEngine.run(ScriptEngine.java:194)
	at com.kms.katalon.core.main.ScriptEngine.runScriptAsRawText(ScriptEngine.java:119)
	at com.kms.katalon.core.main.TestCaseExecutor.runScript(TestCaseExecutor.java:337)
	at com.kms.katalon.core.main.TestCaseExecutor.doExecute(TestCaseExecutor.java:328)
	at com.kms.katalon.core.main.TestCaseExecutor.processExecutionPhase(TestCaseExecutor.java:307)
	at com.kms.katalon.core.main.TestCaseExecutor.accessMainPhase(TestCaseExecutor.java:299)
	at com.kms.katalon.core.main.TestCaseExecutor.execute(TestCaseExecutor.java:233)
	at com.kms.katalon.core.main.TestSuiteExecutor.accessTestCaseMainPhase(TestSuiteExecutor.java:169)
	at com.kms.katalon.core.main.TestSuiteExecutor.accessTestSuiteMainPhase(TestSuiteExecutor.java:142)
	at com.kms.katalon.core.main.TestSuiteExecutor.execute(TestSuiteExecutor.java:91)
	at com.kms.katalon.core.main.TestCaseMain.startTestSuite(TestCaseMain.java:157)
	at com.kms.katalon.core.main.TestCaseMain$startTestSuite$0.call(Unknown Source)
	at TempTestSuite1580192934187.run(TempTestSuite1580192934187.groovy:36)
Caused by: com.kms.katalon.core.exception.StepFailedException: No alert found
	at com.kms.katalon.core.webui.keyword.internal.WebUIKeywordMain.stepFailed(WebUIKeywordMain.groovy:64)
	at com.kms.katalon.core.webui.keyword.builtin.AcceptAlertKeyword$_acceptAlert_closure1.doCall(AcceptAlertKeyword.groovy:78)
	at com.kms.katalon.core.webui.keyword.builtin.AcceptAlertKeyword$_acceptAlert_closure1.call(AcceptAlertKeyword.groovy)
	at com.kms.katalon.core.webui.keyword.internal.WebUIKeywordMain.runKeyword(WebUIKeywordMain.groovy:20)
	... 19 more]]></system-out>
      <system-err><![CDATA[2020-01-28 11:59:12 - [TEST_SUITE][FAILED] - GenericSTI_DifferentCardType: Test Cases/GenericSTI/TC_001_SingleBureau_SingleLinePayment FAILED.
Reason:
com.kms.katalon.core.exception.StepFailedException: Unable to accept alert
	at com.kms.katalon.core.webui.keyword.internal.WebUIKeywordMain.stepFailed(WebUIKeywordMain.groovy:64)
	at com.kms.katalon.core.webui.keyword.internal.WebUIKeywordMain.runKeyword(WebUIKeywordMain.groovy:26)
	at com.kms.katalon.core.webui.keyword.builtin.AcceptAlertKeyword.acceptAlert(AcceptAlertKeyword.groovy:71)
	at com.kms.katalon.core.webui.keyword.builtin.AcceptAlertKeyword.execute(AcceptAlertKeyword.groovy:66)
	at com.kms.katalon.core.keyword.internal.KeywordExecutor.executeKeywordForPlatform(KeywordExecutor.groovy:72)
	at com.kms.katalon.core.webui.keyword.WebUiBuiltInKeywords.acceptAlert(WebUiBuiltInKeywords.groovy:1492)
	at com.kms.katalon.core.webui.keyword.WebUiBuiltInKeywords$acceptAlert$9.call(Unknown Source)
	at TC_001_SingleBureau_SingleLinePayment.run(TC_001_SingleBureau_SingleLinePayment:67)
	at com.kms.katalon.core.main.ScriptEngine.run(ScriptEngine.java:194)
	at com.kms.katalon.core.main.ScriptEngine.runScriptAsRawText(ScriptEngine.java:119)
	at com.kms.katalon.core.main.TestCaseExecutor.runScript(TestCaseExecutor.java:337)
	at com.kms.katalon.core.main.TestCaseExecutor.doExecute(TestCaseExecutor.java:328)
	at com.kms.katalon.core.main.TestCaseExecutor.processExecutionPhase(TestCaseExecutor.java:307)
	at com.kms.katalon.core.main.TestCaseExecutor.accessMainPhase(TestCaseExecutor.java:299)
	at com.kms.katalon.core.main.TestCaseExecutor.execute(TestCaseExecutor.java:233)
	at com.kms.katalon.core.main.TestSuiteExecutor.accessTestCaseMainPhase(TestSuiteExecutor.java:169)
	at com.kms.katalon.core.main.TestSuiteExecutor.accessTestSuiteMainPhase(TestSuiteExecutor.java:142)
	at com.kms.katalon.core.main.TestSuiteExecutor.execute(TestSuiteExecutor.java:91)
	at com.kms.katalon.core.main.TestCaseMain.startTestSuite(TestCaseMain.java:157)
	at com.kms.katalon.core.main.TestCaseMain$startTestSuite$0.call(Unknown Source)
	at TempTestSuite1580192934187.run(TempTestSuite1580192934187.groovy:36)
Caused by: com.kms.katalon.core.exception.StepFailedException: No alert found
	at com.kms.katalon.core.webui.keyword.internal.WebUIKeywordMain.stepFailed(WebUIKeywordMain.groovy:64)
	at com.kms.katalon.core.webui.keyword.builtin.AcceptAlertKeyword$_acceptAlert_closure1.doCall(AcceptAlertKeyword.groovy:78)
	at com.kms.katalon.core.webui.keyword.builtin.AcceptAlertKeyword$_acceptAlert_closure1.call(AcceptAlertKeyword.groovy)
	at com.kms.katalon.core.webui.keyword.internal.WebUIKeywordMain.runKeyword(WebUIKeywordMain.groovy:20)
	... 19 more]]></system-err>
   </testsuite>
</testsuites>
