<?xml version="1.0" encoding="UTF-8"?>
<testsuites name="GenericSTI_DifferentCardType" time="14.959" tests="1" failures="0" errors="1">
   <testsuite name="GenericSTI_DifferentCardType" tests="1" failures="0" errors="1" time="14.959" timestamp="2020-01-27 17:39:47" hostname="admin - SYS8" id="Test Suites/Certpay_TestSuite/GenericSTI_DifferentCardType">
      <properties>
         <property name="deviceName" value=""/>
         <property name="devicePlatform" value=""/>
         <property name="logFolder" value="E:\\CertpayGeneric\\Reports\\20200127_173943\\Certpay_TestSuite\\GenericSTI_DifferentCardType\\20200127_173943"/>
         <property name="logFiles" value="E:\\CertpayGeneric\\Reports\\20200127_173943\\Certpay_TestSuite\\GenericSTI_DifferentCardType\\20200127_173943\\execution0.log"/>
         <property name="attachments" value=""/>
         <property name="hostName" value="admin - SYS8"/>
         <property name="os" value="Windows 10 32bit"/>
         <property name="katalonVersion" value="7.1.2.1"/>
         <property name="browser" value="Chrome 79.0.3945.130"/>
         <property name="hostAddress" value="172.31.252.142"/>
         <property name="sessionId" value="b795019200718e13762c015eb9b04231"/>
         <property name="seleniumVersion" value="3.141.59"/>
         <property name="proxyInformation" value="ProxyInformation{proxyOption=NO_PROXY, proxyServerType=HTTP, password=, proxyServerAddress=, proxyServerPort=0, executionList=}"/>
         <property name="platform" value="Windows 10"/>
      </properties>
      <testcase name="Test Cases/GenericSTI/TC_001_SingleBureau_SingleLinePayment" time="13.805" classname="Test Cases/GenericSTI/TC_001_SingleBureau_SingleLinePayment" status="ERROR">
         <error type="ERROR" message="Test Cases/GenericSTI/TC_001_SingleBureau_SingleLinePayment FAILED.
Reason:
groovy.lang.MissingPropertyException: No such property: RunConfiguration for class: utilities.Syn
	at utilities.Syn.getTestCasename(Syn.groovy:38)
	at utilities.Syn$getTestCasename$0.call(Unknown Source)
	at utilities.SafeActions.safeClick(SafeActions.groovy:174)
	at utilities.SafeActions.invokeMethod(SafeActions.groovy)
	at com.kms.katalon.core.main.CustomKeywordDelegatingMetaClass.invokeStaticMethod(CustomKeywordDelegatingMetaClass.java:50)
	at TC_001_SingleBureau_SingleLinePayment.run(TC_001_SingleBureau_SingleLinePayment:39)
	at com.kms.katalon.core.main.ScriptEngine.run(ScriptEngine.java:194)
	at com.kms.katalon.core.main.ScriptEngine.runScriptAsRawText(ScriptEngine.java:119)
	at com.kms.katalon.core.main.TestCaseExecutor.runScript(TestCaseExecutor.java:337)
	at com.kms.katalon.core.main.TestCaseExecutor.doExecute(TestCaseExecutor.java:328)
	at com.kms.katalon.core.main.TestCaseExecutor.processExecutionPhase(TestCaseExecutor.java:307)
	at com.kms.katalon.core.main.TestCaseExecutor.accessMainPhase(TestCaseExecutor.java:299)
	at com.kms.katalon.core.main.TestCaseExecutor.execute(TestCaseExecutor.java:233)
	at com.kms.katalon.core.main.TestSuiteExecutor.accessTestCaseMainPhase(TestSuiteExecutor.java:169)
	at com.kms.katalon.core.main.TestSuiteExecutor.accessTestSuiteMainPhase(TestSuiteExecutor.java:142)
	at com.kms.katalon.core.main.TestSuiteExecutor.execute(TestSuiteExecutor.java:91)
	at com.kms.katalon.core.main.TestCaseMain.startTestSuite(TestCaseMain.java:157)
	at com.kms.katalon.core.main.TestCaseMain$startTestSuite$0.call(Unknown Source)
	at TempTestSuite1580126983879.run(TempTestSuite1580126983879.groovy:36)
"/>
         <system-out><![CDATA[2020-01-27 17:39:47 - [TEST_CASE][ERROR] - Test Cases/GenericSTI/TC_001_SingleBureau_SingleLinePayment: Test Cases/GenericSTI/TC_001_SingleBureau_SingleLinePayment FAILED.
Reason:
groovy.lang.MissingPropertyException: No such property: RunConfiguration for class: utilities.Syn
	at utilities.Syn.getTestCasename(Syn.groovy:38)
	at utilities.Syn$getTestCasename$0.call(Unknown Source)
	at utilities.SafeActions.safeClick(SafeActions.groovy:174)
	at utilities.SafeActions.invokeMethod(SafeActions.groovy)
	at com.kms.katalon.core.main.CustomKeywordDelegatingMetaClass.invokeStaticMethod(CustomKeywordDelegatingMetaClass.java:50)
	at TC_001_SingleBureau_SingleLinePayment.run(TC_001_SingleBureau_SingleLinePayment:39)
	at com.kms.katalon.core.main.ScriptEngine.run(ScriptEngine.java:194)
	at com.kms.katalon.core.main.ScriptEngine.runScriptAsRawText(ScriptEngine.java:119)
	at com.kms.katalon.core.main.TestCaseExecutor.runScript(TestCaseExecutor.java:337)
	at com.kms.katalon.core.main.TestCaseExecutor.doExecute(TestCaseExecutor.java:328)
	at com.kms.katalon.core.main.TestCaseExecutor.processExecutionPhase(TestCaseExecutor.java:307)
	at com.kms.katalon.core.main.TestCaseExecutor.accessMainPhase(TestCaseExecutor.java:299)
	at com.kms.katalon.core.main.TestCaseExecutor.execute(TestCaseExecutor.java:233)
	at com.kms.katalon.core.main.TestSuiteExecutor.accessTestCaseMainPhase(TestSuiteExecutor.java:169)
	at com.kms.katalon.core.main.TestSuiteExecutor.accessTestSuiteMainPhase(TestSuiteExecutor.java:142)
	at com.kms.katalon.core.main.TestSuiteExecutor.execute(TestSuiteExecutor.java:91)
	at com.kms.katalon.core.main.TestCaseMain.startTestSuite(TestCaseMain.java:157)
	at com.kms.katalon.core.main.TestCaseMain$startTestSuite$0.call(Unknown Source)
	at TempTestSuite1580126983879.run(TempTestSuite1580126983879.groovy:36)


2020-01-27 17:39:48 - [TEST_STEP][PASSED] - data = findTestData("Data Files/Certpay/SingleBureau_SingleLine"): null

2020-01-27 17:39:48 - [TEST_STEP][ERROR] - for (def index : (1..data.getRowNumbers())): No such property: RunConfiguration for class: utilities.Syn

2020-01-27 17:39:48 - [TEST_STEP][PASSED] - cardNum = data.getValue("CardNumber", index): null

2020-01-27 17:39:48 - [TEST_STEP][PASSED] - expMonth = data.getValue("ExpMonth", index): null

2020-01-27 17:39:48 - [TEST_STEP][PASSED] - expYear = data.getValue("ExpYear", index): null

2020-01-27 17:39:48 - [TEST_STEP][PASSED] - securityCode = data.getValue("SecurityCode", index): null

2020-01-27 17:39:48 - [TEST_STEP][PASSED] - cardType = data.getValue("CardType", index): null

2020-01-27 17:39:48 - [TEST_STEP][PASSED] - utilities.SafeActions.openBrowser(Genericsti_url, [pageLoadTime]): Browser launched successfully

2020-01-27 17:39:49 - [MESSAGE][INFO] - Opening Browser

2020-01-27 17:39:49 - [MESSAGE][INFO] - Starting 'Chrome' driver

2020-01-27 17:39:49 - [MESSAGE][INFO] - Action delay is set to 0 seconds

2020-01-27 17:39:56 - [MESSAGE][PASSED] - Browser is opened with url: 'https://qa-certpaygenericsti.faps.net/genericsti/demo/'

2020-01-27 17:39:57 - [MESSAGE][PASSED] - Current window maximized

2020-01-27 17:39:57 - [MESSAGE][PASSED] - Browser launched successfully

2020-01-27 17:39:57 - [TEST_STEP][ERROR] - utilities.SafeActions.safeClick(findTestObject("CERTPAY_GENERICSTI/Demo_Pages/BEGIN_PAYMENT"), "Begin Payment", [pageLoadTime]): No such property: RunConfiguration for class: utilities.Syn

2020-01-27 17:39:57 - [MESSAGE][INFO] - safeClicking

2020-01-27 17:39:58 - [MESSAGE][PASSED] - Object 'Object Repository/CERTPAY_GENERICSTI/Demo_Pages/BEGIN_PAYMENT' is present

2020-01-27 17:39:58 - [MESSAGE][PASSED] - Object 'Object Repository/CERTPAY_GENERICSTI/Demo_Pages/BEGIN_PAYMENT' is clickable

2020-01-27 17:40:01 - [MESSAGE][PASSED] - Object: 'Object Repository/CERTPAY_GENERICSTI/Demo_Pages/BEGIN_PAYMENT' is clicked on

2020-01-27 17:40:01 - [MESSAGE][ERROR] - No such property: RunConfiguration for class: utilities.Syn]]></system-out>
         <system-err><![CDATA[2020-01-27 17:39:47 - [TEST_CASE][ERROR] - Test Cases/GenericSTI/TC_001_SingleBureau_SingleLinePayment: Test Cases/GenericSTI/TC_001_SingleBureau_SingleLinePayment FAILED.
Reason:
groovy.lang.MissingPropertyException: No such property: RunConfiguration for class: utilities.Syn
	at utilities.Syn.getTestCasename(Syn.groovy:38)
	at utilities.Syn$getTestCasename$0.call(Unknown Source)
	at utilities.SafeActions.safeClick(SafeActions.groovy:174)
	at utilities.SafeActions.invokeMethod(SafeActions.groovy)
	at com.kms.katalon.core.main.CustomKeywordDelegatingMetaClass.invokeStaticMethod(CustomKeywordDelegatingMetaClass.java:50)
	at TC_001_SingleBureau_SingleLinePayment.run(TC_001_SingleBureau_SingleLinePayment:39)
	at com.kms.katalon.core.main.ScriptEngine.run(ScriptEngine.java:194)
	at com.kms.katalon.core.main.ScriptEngine.runScriptAsRawText(ScriptEngine.java:119)
	at com.kms.katalon.core.main.TestCaseExecutor.runScript(TestCaseExecutor.java:337)
	at com.kms.katalon.core.main.TestCaseExecutor.doExecute(TestCaseExecutor.java:328)
	at com.kms.katalon.core.main.TestCaseExecutor.processExecutionPhase(TestCaseExecutor.java:307)
	at com.kms.katalon.core.main.TestCaseExecutor.accessMainPhase(TestCaseExecutor.java:299)
	at com.kms.katalon.core.main.TestCaseExecutor.execute(TestCaseExecutor.java:233)
	at com.kms.katalon.core.main.TestSuiteExecutor.accessTestCaseMainPhase(TestSuiteExecutor.java:169)
	at com.kms.katalon.core.main.TestSuiteExecutor.accessTestSuiteMainPhase(TestSuiteExecutor.java:142)
	at com.kms.katalon.core.main.TestSuiteExecutor.execute(TestSuiteExecutor.java:91)
	at com.kms.katalon.core.main.TestCaseMain.startTestSuite(TestCaseMain.java:157)
	at com.kms.katalon.core.main.TestCaseMain$startTestSuite$0.call(Unknown Source)
	at TempTestSuite1580126983879.run(TempTestSuite1580126983879.groovy:36)]]></system-err>
      </testcase>
      <system-out><![CDATA[2020-01-27 17:39:47 - [TEST_SUITE][ERROR] - GenericSTI_DifferentCardType: Test Cases/GenericSTI/TC_001_SingleBureau_SingleLinePayment FAILED.
Reason:
groovy.lang.MissingPropertyException: No such property: RunConfiguration for class: utilities.Syn
	at utilities.Syn.getTestCasename(Syn.groovy:38)
	at utilities.Syn$getTestCasename$0.call(Unknown Source)
	at utilities.SafeActions.safeClick(SafeActions.groovy:174)
	at utilities.SafeActions.invokeMethod(SafeActions.groovy)
	at com.kms.katalon.core.main.CustomKeywordDelegatingMetaClass.invokeStaticMethod(CustomKeywordDelegatingMetaClass.java:50)
	at TC_001_SingleBureau_SingleLinePayment.run(TC_001_SingleBureau_SingleLinePayment:39)
	at com.kms.katalon.core.main.ScriptEngine.run(ScriptEngine.java:194)
	at com.kms.katalon.core.main.ScriptEngine.runScriptAsRawText(ScriptEngine.java:119)
	at com.kms.katalon.core.main.TestCaseExecutor.runScript(TestCaseExecutor.java:337)
	at com.kms.katalon.core.main.TestCaseExecutor.doExecute(TestCaseExecutor.java:328)
	at com.kms.katalon.core.main.TestCaseExecutor.processExecutionPhase(TestCaseExecutor.java:307)
	at com.kms.katalon.core.main.TestCaseExecutor.accessMainPhase(TestCaseExecutor.java:299)
	at com.kms.katalon.core.main.TestCaseExecutor.execute(TestCaseExecutor.java:233)
	at com.kms.katalon.core.main.TestSuiteExecutor.accessTestCaseMainPhase(TestSuiteExecutor.java:169)
	at com.kms.katalon.core.main.TestSuiteExecutor.accessTestSuiteMainPhase(TestSuiteExecutor.java:142)
	at com.kms.katalon.core.main.TestSuiteExecutor.execute(TestSuiteExecutor.java:91)
	at com.kms.katalon.core.main.TestCaseMain.startTestSuite(TestCaseMain.java:157)
	at com.kms.katalon.core.main.TestCaseMain$startTestSuite$0.call(Unknown Source)
	at TempTestSuite1580126983879.run(TempTestSuite1580126983879.groovy:36)]]></system-out>
      <system-err><![CDATA[2020-01-27 17:39:47 - [TEST_SUITE][ERROR] - GenericSTI_DifferentCardType: Test Cases/GenericSTI/TC_001_SingleBureau_SingleLinePayment FAILED.
Reason:
groovy.lang.MissingPropertyException: No such property: RunConfiguration for class: utilities.Syn
	at utilities.Syn.getTestCasename(Syn.groovy:38)
	at utilities.Syn$getTestCasename$0.call(Unknown Source)
	at utilities.SafeActions.safeClick(SafeActions.groovy:174)
	at utilities.SafeActions.invokeMethod(SafeActions.groovy)
	at com.kms.katalon.core.main.CustomKeywordDelegatingMetaClass.invokeStaticMethod(CustomKeywordDelegatingMetaClass.java:50)
	at TC_001_SingleBureau_SingleLinePayment.run(TC_001_SingleBureau_SingleLinePayment:39)
	at com.kms.katalon.core.main.ScriptEngine.run(ScriptEngine.java:194)
	at com.kms.katalon.core.main.ScriptEngine.runScriptAsRawText(ScriptEngine.java:119)
	at com.kms.katalon.core.main.TestCaseExecutor.runScript(TestCaseExecutor.java:337)
	at com.kms.katalon.core.main.TestCaseExecutor.doExecute(TestCaseExecutor.java:328)
	at com.kms.katalon.core.main.TestCaseExecutor.processExecutionPhase(TestCaseExecutor.java:307)
	at com.kms.katalon.core.main.TestCaseExecutor.accessMainPhase(TestCaseExecutor.java:299)
	at com.kms.katalon.core.main.TestCaseExecutor.execute(TestCaseExecutor.java:233)
	at com.kms.katalon.core.main.TestSuiteExecutor.accessTestCaseMainPhase(TestSuiteExecutor.java:169)
	at com.kms.katalon.core.main.TestSuiteExecutor.accessTestSuiteMainPhase(TestSuiteExecutor.java:142)
	at com.kms.katalon.core.main.TestSuiteExecutor.execute(TestSuiteExecutor.java:91)
	at com.kms.katalon.core.main.TestCaseMain.startTestSuite(TestCaseMain.java:157)
	at com.kms.katalon.core.main.TestCaseMain$startTestSuite$0.call(Unknown Source)
	at TempTestSuite1580126983879.run(TempTestSuite1580126983879.groovy:36)]]></system-err>
   </testsuite>
</testsuites>
